mkdir: unrecognized option '--output=/scratch/groups/mschatz1/cpowgs/KLPN_107/batch_logs/pilon.out/pilon'
Try `mkdir --help' for more information.
mkdir: unrecognized option '--output=/scratch/groups/mschatz1/cpowgs/KLPN_107/batch_logs/pilon.out/pilon/btidx'
Try `mkdir --help' for more information.
mkdir: unrecognized option '--output=/scratch/groups/mschatz1/cpowgs/KLPN_107/batch_logs/pilon.out/pilon/btbam'
Try `mkdir --help' for more information.
cp: unrecognized option '--output=/scratch/groups/mschatz1/cpowgs/KLPN_107/batch_logs/pilon.out/canu_assembly/pilon.out.contigs.fasta'
Try `cp --help' for more information.
building btidx and aligning for round 1
bowtie2-build: unrecognized option '--output=/scratch/groups/mschatz1/cpowgs/KLPN_107/batch_logs/pilon.out/pilon/btidx/pilon.out.fasta'
Bowtie 2 version 2.3.3.1 by Ben Langmead (langmea@cs.jhu.edu, www.cs.jhu.edu/~langmea)
Usage: bowtie2-build [options]* <reference_in> <bt2_index_base>
    reference_in            comma-separated list of files with ref sequences
    bt2_index_base          write bt2 data to files with this dir/basename
*** Bowtie 2 indexes work only with v2 (not v1).  Likewise for v1 indexes. ***
Options:
    -f                      reference files are Fasta (default)
    -c                      reference sequences given on cmd line (as
                            <reference_in>)
    --large-index           force generated index to be 'large', even if ref
                            has fewer than 4 billion nucleotides
    -a/--noauto             disable automatic -p/--bmax/--dcv memory-fitting
    -p/--packed             use packed strings internally; slower, less memory
    --bmax <int>            max bucket sz for blockwise suffix-array builder
    --bmaxdivn <int>        max bucket sz as divisor of ref len (default: 4)
    --dcv <int>             diff-cover period for blockwise (default: 1024)
    --nodc                  disable diff-cover (algorithm becomes quadratic)
    -r/--noref              don't build .3/.4 index files
    -3/--justref            just build .3/.4 index files
    -o/--offrate <int>      SA is sampled every 2^<int> BWT chars (default: 5)
    -t/--ftabchars <int>    # of chars consumed in initial lookup (default: 10)
    --threads <int>         # of threads
    --seed <int>            seed for random number generator
    -q/--quiet              verbose output (for debugging)
    -h/--help               print detailed description of tool and its options
    --usage                 print this usage message
    --version               print version information and quit
Error: Encountered internal Bowtie 2 exception (#1)
Command: bowtie2-build --wrapper basic-0 -q --output=/scratch/groups/mschatz1/cpowgs/KLPN_107/batch_logs/pilon.out/pilon/btidx/pilon.out.fasta --output=/scratch/groups/mschatz1/cpowgs/KLPN_107/batch_logs/pilon.out/pilon/btidx/pilon.out 
(ERR): "--output=/scratch/groups/mschatz1/cpowgs/KLPN_107/batch_logs/pilon.out/pilon/btidx/pilon.out" does not exist or is not a Bowtie 2 index
Exiting now ...
[E::hts_open_format] Failed to open file --output=/scratch/groups/mschatz1/cpowgs/KLPN_107/batch_logs/pilon.out/pilon/btbam/pilon.out.sorted.bam
samtools sort: failed to create "--output=/scratch/groups/mschatz1/cpowgs/KLPN_107/batch_logs/pilon.out/pilon/btbam/pilon.out.sorted.bam": No such file or directory
index: invalid option -- '-'
Usage: samtools index [-bc] [-m INT] <in.bam> [out.index]
Options:
  -b       Generate BAI-format index for BAM files [default]
  -c       Generate CSI-format index for BAM files
  -m INT   Set minimum interval size for CSI indices to 2^INT [14]
  -@ INT   Sets the number of threads [none]
correcting for round 1
Pilon version 1.22 Wed Mar 15 16:38:30 2017 -0400
Exception in thread "main" java.lang.reflect.InvocationTargetException
	at sun.reflect.NativeMethodAccessorImpl.invoke0(Native Method)
	at sun.reflect.NativeMethodAccessorImpl.invoke(NativeMethodAccessorImpl.java:62)
	at sun.reflect.DelegatingMethodAccessorImpl.invoke(DelegatingMethodAccessorImpl.java:43)
	at java.lang.reflect.Method.invoke(Method.java:497)
	at com.simontuffs.onejar.Boot.run(Boot.java:340)
	at com.simontuffs.onejar.Boot.main(Boot.java:166)
Caused by: htsjdk.samtools.util.RuntimeIOException: java.io.FileNotFoundException: --output=/scratch/groups/mschatz1/cpowgs/KLPN_107/batch_logs/pilon.out/pilon/btbam/pilon.out.sorted.bam (No such file or directory)
	at htsjdk.samtools.FileInputResource$1.make(SamInputResource.java:168)
	at htsjdk.samtools.FileInputResource$1.make(SamInputResource.java:162)
	at htsjdk.samtools.util.Lazy.get(Lazy.java:24)
	at htsjdk.samtools.FileInputResource.asUnbufferedSeekableStream(SamInputResource.java:191)
	at htsjdk.samtools.FileInputResource.asUnbufferedInputStream(SamInputResource.java:196)
	at htsjdk.samtools.SamReaderFactory$SamReaderFactoryImpl.open(SamReaderFactory.java:236)
	at htsjdk.samtools.SamReaderFactory$SamReaderFactoryImpl.open(SamReaderFactory.java:130)
	at org.broadinstitute.pilon.BamFile.reader(BamFile.scala:40)
	at org.broadinstitute.pilon.BamFile.<init>(BamFile.scala:46)
	at org.broadinstitute.pilon.Pilon$.optionParse(Pilon.scala:156)
	at org.broadinstitute.pilon.Pilon$.main(Pilon.scala:72)
	at org.broadinstitute.pilon.Pilon.main(Pilon.scala)
	... 6 more
Caused by: java.io.FileNotFoundException: --output=/scratch/groups/mschatz1/cpowgs/KLPN_107/batch_logs/pilon.out/pilon/btbam/pilon.out.sorted.bam (No such file or directory)
	at java.io.RandomAccessFile.open0(Native Method)
	at java.io.RandomAccessFile.open(RandomAccessFile.java:316)
	at java.io.RandomAccessFile.<init>(RandomAccessFile.java:243)
	at htsjdk.samtools.seekablestream.SeekableFileStream.<init>(SeekableFileStream.java:47)
	at htsjdk.samtools.FileInputResource$1.make(SamInputResource.java:166)
	... 17 more
clearing old
rm: unrecognized option '--output=/scratch/groups/mschatz1/cpowgs/KLPN_107/batch_logs/pilon.out/pilon/btidx/*'
Try `rm --help' for more information.
rm: unrecognized option '--output=/scratch/groups/mschatz1/cpowgs/KLPN_107/batch_logs/pilon.out/pilon/btbam/*'
Try `rm --help' for more information.
copying 1 to empty index folder
cp: unrecognized option '--output=/scratch/groups/mschatz1/cpowgs/KLPN_107/batch_logs/pilon.out/pilon/pilon.out.pilon.1.fasta'
Try `cp --help' for more information.
building btidx and aligning for round 2
bowtie2-build: unrecognized option '--output=/scratch/groups/mschatz1/cpowgs/KLPN_107/batch_logs/pilon.out/pilon/btidx/pilon.out.fasta'
Bowtie 2 version 2.3.3.1 by Ben Langmead (langmea@cs.jhu.edu, www.cs.jhu.edu/~langmea)
Usage: bowtie2-build [options]* <reference_in> <bt2_index_base>
    reference_in            comma-separated list of files with ref sequences
    bt2_index_base          write bt2 data to files with this dir/basename
*** Bowtie 2 indexes work only with v2 (not v1).  Likewise for v1 indexes. ***
Options:
    -f                      reference files are Fasta (default)
    -c                      reference sequences given on cmd line (as
                            <reference_in>)
    --large-index           force generated index to be 'large', even if ref
                            has fewer than 4 billion nucleotides
    -a/--noauto             disable automatic -p/--bmax/--dcv memory-fitting
    -p/--packed             use packed strings internally; slower, less memory
    --bmax <int>            max bucket sz for blockwise suffix-array builder
    --bmaxdivn <int>        max bucket sz as divisor of ref len (default: 4)
    --dcv <int>             diff-cover period for blockwise (default: 1024)
    --nodc                  disable diff-cover (algorithm becomes quadratic)
    -r/--noref              don't build .3/.4 index files
    -3/--justref            just build .3/.4 index files
    -o/--offrate <int>      SA is sampled every 2^<int> BWT chars (default: 5)
    -t/--ftabchars <int>    # of chars consumed in initial lookup (default: 10)
    --threads <int>         # of threads
    --seed <int>            seed for random number generator
    -q/--quiet              verbose output (for debugging)
    -h/--help               print detailed description of tool and its options
    --usage                 print this usage message
    --version               print version information and quit
Error: Encountered internal Bowtie 2 exception (#1)
Command: bowtie2-build --wrapper basic-0 -q --output=/scratch/groups/mschatz1/cpowgs/KLPN_107/batch_logs/pilon.out/pilon/btidx/pilon.out.fasta --output=/scratch/groups/mschatz1/cpowgs/KLPN_107/batch_logs/pilon.out/pilon/btidx/pilon.out 
(ERR): "--output=/scratch/groups/mschatz1/cpowgs/KLPN_107/batch_logs/pilon.out/pilon/btidx/pilon.out" does not exist or is not a Bowtie 2 index
Exiting now ...
[E::hts_open_format] Failed to open file --output=/scratch/groups/mschatz1/cpowgs/KLPN_107/batch_logs/pilon.out/pilon/btbam/pilon.out.sorted.bam
samtools sort: failed to create "--output=/scratch/groups/mschatz1/cpowgs/KLPN_107/batch_logs/pilon.out/pilon/btbam/pilon.out.sorted.bam": No such file or directory
index: invalid option -- '-'
Usage: samtools index [-bc] [-m INT] <in.bam> [out.index]
Options:
  -b       Generate BAI-format index for BAM files [default]
  -c       Generate CSI-format index for BAM files
  -m INT   Set minimum interval size for CSI indices to 2^INT [14]
  -@ INT   Sets the number of threads [none]
correcting for round 2
Pilon version 1.22 Wed Mar 15 16:38:30 2017 -0400
Exception in thread "main" java.lang.reflect.InvocationTargetException
	at sun.reflect.NativeMethodAccessorImpl.invoke0(Native Method)
	at sun.reflect.NativeMethodAccessorImpl.invoke(NativeMethodAccessorImpl.java:62)
	at sun.reflect.DelegatingMethodAccessorImpl.invoke(DelegatingMethodAccessorImpl.java:43)
	at java.lang.reflect.Method.invoke(Method.java:497)
	at com.simontuffs.onejar.Boot.run(Boot.java:340)
	at com.simontuffs.onejar.Boot.main(Boot.java:166)
Caused by: htsjdk.samtools.util.RuntimeIOException: java.io.FileNotFoundException: --output=/scratch/groups/mschatz1/cpowgs/KLPN_107/batch_logs/pilon.out/pilon/btbam/pilon.out.sorted.bam (No such file or directory)
	at htsjdk.samtools.FileInputResource$1.make(SamInputResource.java:168)
	at htsjdk.samtools.FileInputResource$1.make(SamInputResource.java:162)
	at htsjdk.samtools.util.Lazy.get(Lazy.java:24)
	at htsjdk.samtools.FileInputResource.asUnbufferedSeekableStream(SamInputResource.java:191)
	at htsjdk.samtools.FileInputResource.asUnbufferedInputStream(SamInputResource.java:196)
	at htsjdk.samtools.SamReaderFactory$SamReaderFactoryImpl.open(SamReaderFactory.java:236)
	at htsjdk.samtools.SamReaderFactory$SamReaderFactoryImpl.open(SamReaderFactory.java:130)
	at org.broadinstitute.pilon.BamFile.reader(BamFile.scala:40)
	at org.broadinstitute.pilon.BamFile.<init>(BamFile.scala:46)
	at org.broadinstitute.pilon.Pilon$.optionParse(Pilon.scala:156)
	at org.broadinstitute.pilon.Pilon$.main(Pilon.scala:72)
	at org.broadinstitute.pilon.Pilon.main(Pilon.scala)
	... 6 more
Caused by: java.io.FileNotFoundException: --output=/scratch/groups/mschatz1/cpowgs/KLPN_107/batch_logs/pilon.out/pilon/btbam/pilon.out.sorted.bam (No such file or directory)
	at java.io.RandomAccessFile.open0(Native Method)
	at java.io.RandomAccessFile.open(RandomAccessFile.java:316)
	at java.io.RandomAccessFile.<init>(RandomAccessFile.java:243)
	at htsjdk.samtools.seekablestream.SeekableFileStream.<init>(SeekableFileStream.java:47)
	at htsjdk.samtools.FileInputResource$1.make(SamInputResource.java:166)
	... 17 more
clearing old
rm: unrecognized option '--output=/scratch/groups/mschatz1/cpowgs/KLPN_107/batch_logs/pilon.out/pilon/btidx/*'
Try `rm --help' for more information.
rm: unrecognized option '--output=/scratch/groups/mschatz1/cpowgs/KLPN_107/batch_logs/pilon.out/pilon/btbam/*'
Try `rm --help' for more information.
copying 2 to empty index folder
cp: unrecognized option '--output=/scratch/groups/mschatz1/cpowgs/KLPN_107/batch_logs/pilon.out/pilon/pilon.out.pilon.2.fasta'
Try `cp --help' for more information.
building btidx and aligning for round 3
bowtie2-build: unrecognized option '--output=/scratch/groups/mschatz1/cpowgs/KLPN_107/batch_logs/pilon.out/pilon/btidx/pilon.out.fasta'
Bowtie 2 version 2.3.3.1 by Ben Langmead (langmea@cs.jhu.edu, www.cs.jhu.edu/~langmea)
Usage: bowtie2-build [options]* <reference_in> <bt2_index_base>
    reference_in            comma-separated list of files with ref sequences
    bt2_index_base          write bt2 data to files with this dir/basename
*** Bowtie 2 indexes work only with v2 (not v1).  Likewise for v1 indexes. ***
Options:
    -f                      reference files are Fasta (default)
    -c                      reference sequences given on cmd line (as
                            <reference_in>)
    --large-index           force generated index to be 'large', even if ref
                            has fewer than 4 billion nucleotides
    -a/--noauto             disable automatic -p/--bmax/--dcv memory-fitting
    -p/--packed             use packed strings internally; slower, less memory
    --bmax <int>            max bucket sz for blockwise suffix-array builder
    --bmaxdivn <int>        max bucket sz as divisor of ref len (default: 4)
    --dcv <int>             diff-cover period for blockwise (default: 1024)
    --nodc                  disable diff-cover (algorithm becomes quadratic)
    -r/--noref              don't build .3/.4 index files
    -3/--justref            just build .3/.4 index files
    -o/--offrate <int>      SA is sampled every 2^<int> BWT chars (default: 5)
    -t/--ftabchars <int>    # of chars consumed in initial lookup (default: 10)
    --threads <int>         # of threads
    --seed <int>            seed for random number generator
    -q/--quiet              verbose output (for debugging)
    -h/--help               print detailed description of tool and its options
    --usage                 print this usage message
    --version               print version information and quit
Error: Encountered internal Bowtie 2 exception (#1)
Command: bowtie2-build --wrapper basic-0 -q --output=/scratch/groups/mschatz1/cpowgs/KLPN_107/batch_logs/pilon.out/pilon/btidx/pilon.out.fasta --output=/scratch/groups/mschatz1/cpowgs/KLPN_107/batch_logs/pilon.out/pilon/btidx/pilon.out 
(ERR): "--output=/scratch/groups/mschatz1/cpowgs/KLPN_107/batch_logs/pilon.out/pilon/btidx/pilon.out" does not exist or is not a Bowtie 2 index
Exiting now ...
[E::hts_open_format] Failed to open file --output=/scratch/groups/mschatz1/cpowgs/KLPN_107/batch_logs/pilon.out/pilon/btbam/pilon.out.sorted.bam
samtools sort: failed to create "--output=/scratch/groups/mschatz1/cpowgs/KLPN_107/batch_logs/pilon.out/pilon/btbam/pilon.out.sorted.bam": No such file or directory
index: invalid option -- '-'
Usage: samtools index [-bc] [-m INT] <in.bam> [out.index]
Options:
  -b       Generate BAI-format index for BAM files [default]
  -c       Generate CSI-format index for BAM files
  -m INT   Set minimum interval size for CSI indices to 2^INT [14]
  -@ INT   Sets the number of threads [none]
correcting for round 3
Pilon version 1.22 Wed Mar 15 16:38:30 2017 -0400
Exception in thread "main" java.lang.reflect.InvocationTargetException
	at sun.reflect.NativeMethodAccessorImpl.invoke0(Native Method)
	at sun.reflect.NativeMethodAccessorImpl.invoke(NativeMethodAccessorImpl.java:62)
	at sun.reflect.DelegatingMethodAccessorImpl.invoke(DelegatingMethodAccessorImpl.java:43)
	at java.lang.reflect.Method.invoke(Method.java:497)
	at com.simontuffs.onejar.Boot.run(Boot.java:340)
	at com.simontuffs.onejar.Boot.main(Boot.java:166)
Caused by: htsjdk.samtools.util.RuntimeIOException: java.io.FileNotFoundException: --output=/scratch/groups/mschatz1/cpowgs/KLPN_107/batch_logs/pilon.out/pilon/btbam/pilon.out.sorted.bam (No such file or directory)
	at htsjdk.samtools.FileInputResource$1.make(SamInputResource.java:168)
	at htsjdk.samtools.FileInputResource$1.make(SamInputResource.java:162)
	at htsjdk.samtools.util.Lazy.get(Lazy.java:24)
	at htsjdk.samtools.FileInputResource.asUnbufferedSeekableStream(SamInputResource.java:191)
	at htsjdk.samtools.FileInputResource.asUnbufferedInputStream(SamInputResource.java:196)
	at htsjdk.samtools.SamReaderFactory$SamReaderFactoryImpl.open(SamReaderFactory.java:236)
	at htsjdk.samtools.SamReaderFactory$SamReaderFactoryImpl.open(SamReaderFactory.java:130)
	at org.broadinstitute.pilon.BamFile.reader(BamFile.scala:40)
	at org.broadinstitute.pilon.BamFile.<init>(BamFile.scala:46)
	at org.broadinstitute.pilon.Pilon$.optionParse(Pilon.scala:156)
	at org.broadinstitute.pilon.Pilon$.main(Pilon.scala:72)
	at org.broadinstitute.pilon.Pilon.main(Pilon.scala)
	... 6 more
Caused by: java.io.FileNotFoundException: --output=/scratch/groups/mschatz1/cpowgs/KLPN_107/batch_logs/pilon.out/pilon/btbam/pilon.out.sorted.bam (No such file or directory)
	at java.io.RandomAccessFile.open0(Native Method)
	at java.io.RandomAccessFile.open(RandomAccessFile.java:316)
	at java.io.RandomAccessFile.<init>(RandomAccessFile.java:243)
	at htsjdk.samtools.seekablestream.SeekableFileStream.<init>(SeekableFileStream.java:47)
	at htsjdk.samtools.FileInputResource$1.make(SamInputResource.java:166)
	... 17 more
clearing old
rm: unrecognized option '--output=/scratch/groups/mschatz1/cpowgs/KLPN_107/batch_logs/pilon.out/pilon/btidx/*'
Try `rm --help' for more information.
rm: unrecognized option '--output=/scratch/groups/mschatz1/cpowgs/KLPN_107/batch_logs/pilon.out/pilon/btbam/*'
Try `rm --help' for more information.
copying 3 to empty index folder
cp: unrecognized option '--output=/scratch/groups/mschatz1/cpowgs/KLPN_107/batch_logs/pilon.out/pilon/pilon.out.pilon.3.fasta'
Try `cp --help' for more information.
building btidx and aligning for round 4
bowtie2-build: unrecognized option '--output=/scratch/groups/mschatz1/cpowgs/KLPN_107/batch_logs/pilon.out/pilon/btidx/pilon.out.fasta'
Bowtie 2 version 2.3.3.1 by Ben Langmead (langmea@cs.jhu.edu, www.cs.jhu.edu/~langmea)
Usage: bowtie2-build [options]* <reference_in> <bt2_index_base>
    reference_in            comma-separated list of files with ref sequences
    bt2_index_base          write bt2 data to files with this dir/basename
*** Bowtie 2 indexes work only with v2 (not v1).  Likewise for v1 indexes. ***
Options:
    -f                      reference files are Fasta (default)
    -c                      reference sequences given on cmd line (as
                            <reference_in>)
    --large-index           force generated index to be 'large', even if ref
                            has fewer than 4 billion nucleotides
    -a/--noauto             disable automatic -p/--bmax/--dcv memory-fitting
    -p/--packed             use packed strings internally; slower, less memory
    --bmax <int>            max bucket sz for blockwise suffix-array builder
    --bmaxdivn <int>        max bucket sz as divisor of ref len (default: 4)
    --dcv <int>             diff-cover period for blockwise (default: 1024)
    --nodc                  disable diff-cover (algorithm becomes quadratic)
    -r/--noref              don't build .3/.4 index files
    -3/--justref            just build .3/.4 index files
    -o/--offrate <int>      SA is sampled every 2^<int> BWT chars (default: 5)
    -t/--ftabchars <int>    # of chars consumed in initial lookup (default: 10)
    --threads <int>         # of threads
    --seed <int>            seed for random number generator
    -q/--quiet              verbose output (for debugging)
    -h/--help               print detailed description of tool and its options
    --usage                 print this usage message
    --version               print version information and quit
Error: Encountered internal Bowtie 2 exception (#1)
Command: bowtie2-build --wrapper basic-0 -q --output=/scratch/groups/mschatz1/cpowgs/KLPN_107/batch_logs/pilon.out/pilon/btidx/pilon.out.fasta --output=/scratch/groups/mschatz1/cpowgs/KLPN_107/batch_logs/pilon.out/pilon/btidx/pilon.out 
(ERR): "--output=/scratch/groups/mschatz1/cpowgs/KLPN_107/batch_logs/pilon.out/pilon/btidx/pilon.out" does not exist or is not a Bowtie 2 index
Exiting now ...
[E::hts_open_format] Failed to open file --output=/scratch/groups/mschatz1/cpowgs/KLPN_107/batch_logs/pilon.out/pilon/btbam/pilon.out.sorted.bam
samtools sort: failed to create "--output=/scratch/groups/mschatz1/cpowgs/KLPN_107/batch_logs/pilon.out/pilon/btbam/pilon.out.sorted.bam": No such file or directory
index: invalid option -- '-'
Usage: samtools index [-bc] [-m INT] <in.bam> [out.index]
Options:
  -b       Generate BAI-format index for BAM files [default]
  -c       Generate CSI-format index for BAM files
  -m INT   Set minimum interval size for CSI indices to 2^INT [14]
  -@ INT   Sets the number of threads [none]
correcting for round 4
Pilon version 1.22 Wed Mar 15 16:38:30 2017 -0400
Exception in thread "main" java.lang.reflect.InvocationTargetException
	at sun.reflect.NativeMethodAccessorImpl.invoke0(Native Method)
	at sun.reflect.NativeMethodAccessorImpl.invoke(NativeMethodAccessorImpl.java:62)
	at sun.reflect.DelegatingMethodAccessorImpl.invoke(DelegatingMethodAccessorImpl.java:43)
	at java.lang.reflect.Method.invoke(Method.java:497)
	at com.simontuffs.onejar.Boot.run(Boot.java:340)
	at com.simontuffs.onejar.Boot.main(Boot.java:166)
Caused by: htsjdk.samtools.util.RuntimeIOException: java.io.FileNotFoundException: --output=/scratch/groups/mschatz1/cpowgs/KLPN_107/batch_logs/pilon.out/pilon/btbam/pilon.out.sorted.bam (No such file or directory)
	at htsjdk.samtools.FileInputResource$1.make(SamInputResource.java:168)
	at htsjdk.samtools.FileInputResource$1.make(SamInputResource.java:162)
	at htsjdk.samtools.util.Lazy.get(Lazy.java:24)
	at htsjdk.samtools.FileInputResource.asUnbufferedSeekableStream(SamInputResource.java:191)
	at htsjdk.samtools.FileInputResource.asUnbufferedInputStream(SamInputResource.java:196)
	at htsjdk.samtools.SamReaderFactory$SamReaderFactoryImpl.open(SamReaderFactory.java:236)
	at htsjdk.samtools.SamReaderFactory$SamReaderFactoryImpl.open(SamReaderFactory.java:130)
	at org.broadinstitute.pilon.BamFile.reader(BamFile.scala:40)
	at org.broadinstitute.pilon.BamFile.<init>(BamFile.scala:46)
	at org.broadinstitute.pilon.Pilon$.optionParse(Pilon.scala:156)
	at org.broadinstitute.pilon.Pilon$.main(Pilon.scala:72)
	at org.broadinstitute.pilon.Pilon.main(Pilon.scala)
	... 6 more
Caused by: java.io.FileNotFoundException: --output=/scratch/groups/mschatz1/cpowgs/KLPN_107/batch_logs/pilon.out/pilon/btbam/pilon.out.sorted.bam (No such file or directory)
	at java.io.RandomAccessFile.open0(Native Method)
	at java.io.RandomAccessFile.open(RandomAccessFile.java:316)
	at java.io.RandomAccessFile.<init>(RandomAccessFile.java:243)
	at htsjdk.samtools.seekablestream.SeekableFileStream.<init>(SeekableFileStream.java:47)
	at htsjdk.samtools.FileInputResource$1.make(SamInputResource.java:166)
	... 17 more
clearing old
rm: unrecognized option '--output=/scratch/groups/mschatz1/cpowgs/KLPN_107/batch_logs/pilon.out/pilon/btidx/*'
Try `rm --help' for more information.
rm: unrecognized option '--output=/scratch/groups/mschatz1/cpowgs/KLPN_107/batch_logs/pilon.out/pilon/btbam/*'
Try `rm --help' for more information.
copying 4 to empty index folder
cp: unrecognized option '--output=/scratch/groups/mschatz1/cpowgs/KLPN_107/batch_logs/pilon.out/pilon/pilon.out.pilon.4.fasta'
Try `cp --help' for more information.
building btidx and aligning for round 5
bowtie2-build: unrecognized option '--output=/scratch/groups/mschatz1/cpowgs/KLPN_107/batch_logs/pilon.out/pilon/btidx/pilon.out.fasta'
Bowtie 2 version 2.3.3.1 by Ben Langmead (langmea@cs.jhu.edu, www.cs.jhu.edu/~langmea)
Usage: bowtie2-build [options]* <reference_in> <bt2_index_base>
    reference_in            comma-separated list of files with ref sequences
    bt2_index_base          write bt2 data to files with this dir/basename
*** Bowtie 2 indexes work only with v2 (not v1).  Likewise for v1 indexes. ***
Options:
    -f                      reference files are Fasta (default)
    -c                      reference sequences given on cmd line (as
                            <reference_in>)
    --large-index           force generated index to be 'large', even if ref
                            has fewer than 4 billion nucleotides
    -a/--noauto             disable automatic -p/--bmax/--dcv memory-fitting
    -p/--packed             use packed strings internally; slower, less memory
    --bmax <int>            max bucket sz for blockwise suffix-array builder
    --bmaxdivn <int>        max bucket sz as divisor of ref len (default: 4)
    --dcv <int>             diff-cover period for blockwise (default: 1024)
    --nodc                  disable diff-cover (algorithm becomes quadratic)
    -r/--noref              don't build .3/.4 index files
    -3/--justref            just build .3/.4 index files
    -o/--offrate <int>      SA is sampled every 2^<int> BWT chars (default: 5)
    -t/--ftabchars <int>    # of chars consumed in initial lookup (default: 10)
    --threads <int>         # of threads
    --seed <int>            seed for random number generator
    -q/--quiet              verbose output (for debugging)
    -h/--help               print detailed description of tool and its options
    --usage                 print this usage message
    --version               print version information and quit
Error: Encountered internal Bowtie 2 exception (#1)
Command: bowtie2-build --wrapper basic-0 -q --output=/scratch/groups/mschatz1/cpowgs/KLPN_107/batch_logs/pilon.out/pilon/btidx/pilon.out.fasta --output=/scratch/groups/mschatz1/cpowgs/KLPN_107/batch_logs/pilon.out/pilon/btidx/pilon.out 
(ERR): "--output=/scratch/groups/mschatz1/cpowgs/KLPN_107/batch_logs/pilon.out/pilon/btidx/pilon.out" does not exist or is not a Bowtie 2 index
Exiting now ...
[E::hts_open_format] Failed to open file --output=/scratch/groups/mschatz1/cpowgs/KLPN_107/batch_logs/pilon.out/pilon/btbam/pilon.out.sorted.bam
samtools sort: failed to create "--output=/scratch/groups/mschatz1/cpowgs/KLPN_107/batch_logs/pilon.out/pilon/btbam/pilon.out.sorted.bam": No such file or directory
index: invalid option -- '-'
Usage: samtools index [-bc] [-m INT] <in.bam> [out.index]
Options:
  -b       Generate BAI-format index for BAM files [default]
  -c       Generate CSI-format index for BAM files
  -m INT   Set minimum interval size for CSI indices to 2^INT [14]
  -@ INT   Sets the number of threads [none]
correcting for round 5
Pilon version 1.22 Wed Mar 15 16:38:30 2017 -0400
Exception in thread "main" java.lang.reflect.InvocationTargetException
	at sun.reflect.NativeMethodAccessorImpl.invoke0(Native Method)
	at sun.reflect.NativeMethodAccessorImpl.invoke(NativeMethodAccessorImpl.java:62)
	at sun.reflect.DelegatingMethodAccessorImpl.invoke(DelegatingMethodAccessorImpl.java:43)
	at java.lang.reflect.Method.invoke(Method.java:497)
	at com.simontuffs.onejar.Boot.run(Boot.java:340)
	at com.simontuffs.onejar.Boot.main(Boot.java:166)
Caused by: htsjdk.samtools.util.RuntimeIOException: java.io.FileNotFoundException: --output=/scratch/groups/mschatz1/cpowgs/KLPN_107/batch_logs/pilon.out/pilon/btbam/pilon.out.sorted.bam (No such file or directory)
	at htsjdk.samtools.FileInputResource$1.make(SamInputResource.java:168)
	at htsjdk.samtools.FileInputResource$1.make(SamInputResource.java:162)
	at htsjdk.samtools.util.Lazy.get(Lazy.java:24)
	at htsjdk.samtools.FileInputResource.asUnbufferedSeekableStream(SamInputResource.java:191)
	at htsjdk.samtools.FileInputResource.asUnbufferedInputStream(SamInputResource.java:196)
	at htsjdk.samtools.SamReaderFactory$SamReaderFactoryImpl.open(SamReaderFactory.java:236)
	at htsjdk.samtools.SamReaderFactory$SamReaderFactoryImpl.open(SamReaderFactory.java:130)
	at org.broadinstitute.pilon.BamFile.reader(BamFile.scala:40)
	at org.broadinstitute.pilon.BamFile.<init>(BamFile.scala:46)
	at org.broadinstitute.pilon.Pilon$.optionParse(Pilon.scala:156)
	at org.broadinstitute.pilon.Pilon$.main(Pilon.scala:72)
	at org.broadinstitute.pilon.Pilon.main(Pilon.scala)
	... 6 more
Caused by: java.io.FileNotFoundException: --output=/scratch/groups/mschatz1/cpowgs/KLPN_107/batch_logs/pilon.out/pilon/btbam/pilon.out.sorted.bam (No such file or directory)
	at java.io.RandomAccessFile.open0(Native Method)
	at java.io.RandomAccessFile.open(RandomAccessFile.java:316)
	at java.io.RandomAccessFile.<init>(RandomAccessFile.java:243)
	at htsjdk.samtools.seekablestream.SeekableFileStream.<init>(SeekableFileStream.java:47)
	at htsjdk.samtools.FileInputResource$1.make(SamInputResource.java:166)
	... 17 more
clearing old
rm: unrecognized option '--output=/scratch/groups/mschatz1/cpowgs/KLPN_107/batch_logs/pilon.out/pilon/btidx/*'
Try `rm --help' for more information.
rm: unrecognized option '--output=/scratch/groups/mschatz1/cpowgs/KLPN_107/batch_logs/pilon.out/pilon/btbam/*'
Try `rm --help' for more information.
copying 5 to empty index folder
cp: unrecognized option '--output=/scratch/groups/mschatz1/cpowgs/KLPN_107/batch_logs/pilon.out/pilon/pilon.out.pilon.5.fasta'
Try `cp --help' for more information.
building btidx and aligning for round 6
bowtie2-build: unrecognized option '--output=/scratch/groups/mschatz1/cpowgs/KLPN_107/batch_logs/pilon.out/pilon/btidx/pilon.out.fasta'
Bowtie 2 version 2.3.3.1 by Ben Langmead (langmea@cs.jhu.edu, www.cs.jhu.edu/~langmea)
Usage: bowtie2-build [options]* <reference_in> <bt2_index_base>
    reference_in            comma-separated list of files with ref sequences
    bt2_index_base          write bt2 data to files with this dir/basename
*** Bowtie 2 indexes work only with v2 (not v1).  Likewise for v1 indexes. ***
Options:
    -f                      reference files are Fasta (default)
    -c                      reference sequences given on cmd line (as
                            <reference_in>)
    --large-index           force generated index to be 'large', even if ref
                            has fewer than 4 billion nucleotides
    -a/--noauto             disable automatic -p/--bmax/--dcv memory-fitting
    -p/--packed             use packed strings internally; slower, less memory
    --bmax <int>            max bucket sz for blockwise suffix-array builder
    --bmaxdivn <int>        max bucket sz as divisor of ref len (default: 4)
    --dcv <int>             diff-cover period for blockwise (default: 1024)
    --nodc                  disable diff-cover (algorithm becomes quadratic)
    -r/--noref              don't build .3/.4 index files
    -3/--justref            just build .3/.4 index files
    -o/--offrate <int>      SA is sampled every 2^<int> BWT chars (default: 5)
    -t/--ftabchars <int>    # of chars consumed in initial lookup (default: 10)
    --threads <int>         # of threads
    --seed <int>            seed for random number generator
    -q/--quiet              verbose output (for debugging)
    -h/--help               print detailed description of tool and its options
    --usage                 print this usage message
    --version               print version information and quit
Error: Encountered internal Bowtie 2 exception (#1)
Command: bowtie2-build --wrapper basic-0 -q --output=/scratch/groups/mschatz1/cpowgs/KLPN_107/batch_logs/pilon.out/pilon/btidx/pilon.out.fasta --output=/scratch/groups/mschatz1/cpowgs/KLPN_107/batch_logs/pilon.out/pilon/btidx/pilon.out 
(ERR): "--output=/scratch/groups/mschatz1/cpowgs/KLPN_107/batch_logs/pilon.out/pilon/btidx/pilon.out" does not exist or is not a Bowtie 2 index
Exiting now ...
[E::hts_open_format] Failed to open file --output=/scratch/groups/mschatz1/cpowgs/KLPN_107/batch_logs/pilon.out/pilon/btbam/pilon.out.sorted.bam
samtools sort: failed to create "--output=/scratch/groups/mschatz1/cpowgs/KLPN_107/batch_logs/pilon.out/pilon/btbam/pilon.out.sorted.bam": No such file or directory
index: invalid option -- '-'
Usage: samtools index [-bc] [-m INT] <in.bam> [out.index]
Options:
  -b       Generate BAI-format index for BAM files [default]
  -c       Generate CSI-format index for BAM files
  -m INT   Set minimum interval size for CSI indices to 2^INT [14]
  -@ INT   Sets the number of threads [none]
correcting for round 6
Pilon version 1.22 Wed Mar 15 16:38:30 2017 -0400
Exception in thread "main" java.lang.reflect.InvocationTargetException
	at sun.reflect.NativeMethodAccessorImpl.invoke0(Native Method)
	at sun.reflect.NativeMethodAccessorImpl.invoke(NativeMethodAccessorImpl.java:62)
	at sun.reflect.DelegatingMethodAccessorImpl.invoke(DelegatingMethodAccessorImpl.java:43)
	at java.lang.reflect.Method.invoke(Method.java:497)
	at com.simontuffs.onejar.Boot.run(Boot.java:340)
	at com.simontuffs.onejar.Boot.main(Boot.java:166)
Caused by: htsjdk.samtools.util.RuntimeIOException: java.io.FileNotFoundException: --output=/scratch/groups/mschatz1/cpowgs/KLPN_107/batch_logs/pilon.out/pilon/btbam/pilon.out.sorted.bam (No such file or directory)
	at htsjdk.samtools.FileInputResource$1.make(SamInputResource.java:168)
	at htsjdk.samtools.FileInputResource$1.make(SamInputResource.java:162)
	at htsjdk.samtools.util.Lazy.get(Lazy.java:24)
	at htsjdk.samtools.FileInputResource.asUnbufferedSeekableStream(SamInputResource.java:191)
	at htsjdk.samtools.FileInputResource.asUnbufferedInputStream(SamInputResource.java:196)
	at htsjdk.samtools.SamReaderFactory$SamReaderFactoryImpl.open(SamReaderFactory.java:236)
	at htsjdk.samtools.SamReaderFactory$SamReaderFactoryImpl.open(SamReaderFactory.java:130)
	at org.broadinstitute.pilon.BamFile.reader(BamFile.scala:40)
	at org.broadinstitute.pilon.BamFile.<init>(BamFile.scala:46)
	at org.broadinstitute.pilon.Pilon$.optionParse(Pilon.scala:156)
	at org.broadinstitute.pilon.Pilon$.main(Pilon.scala:72)
	at org.broadinstitute.pilon.Pilon.main(Pilon.scala)
	... 6 more
Caused by: java.io.FileNotFoundException: --output=/scratch/groups/mschatz1/cpowgs/KLPN_107/batch_logs/pilon.out/pilon/btbam/pilon.out.sorted.bam (No such file or directory)
	at java.io.RandomAccessFile.open0(Native Method)
	at java.io.RandomAccessFile.open(RandomAccessFile.java:316)
	at java.io.RandomAccessFile.<init>(RandomAccessFile.java:243)
	at htsjdk.samtools.seekablestream.SeekableFileStream.<init>(SeekableFileStream.java:47)
	at htsjdk.samtools.FileInputResource$1.make(SamInputResource.java:166)
	... 17 more
clearing old
rm: unrecognized option '--output=/scratch/groups/mschatz1/cpowgs/KLPN_107/batch_logs/pilon.out/pilon/btidx/*'
Try `rm --help' for more information.
rm: unrecognized option '--output=/scratch/groups/mschatz1/cpowgs/KLPN_107/batch_logs/pilon.out/pilon/btbam/*'
Try `rm --help' for more information.
copying 6 to empty index folder
cp: unrecognized option '--output=/scratch/groups/mschatz1/cpowgs/KLPN_107/batch_logs/pilon.out/pilon/pilon.out.pilon.6.fasta'
Try `cp --help' for more information.
building btidx and aligning for round 7
bowtie2-build: unrecognized option '--output=/scratch/groups/mschatz1/cpowgs/KLPN_107/batch_logs/pilon.out/pilon/btidx/pilon.out.fasta'
Bowtie 2 version 2.3.3.1 by Ben Langmead (langmea@cs.jhu.edu, www.cs.jhu.edu/~langmea)
Usage: bowtie2-build [options]* <reference_in> <bt2_index_base>
    reference_in            comma-separated list of files with ref sequences
    bt2_index_base          write bt2 data to files with this dir/basename
*** Bowtie 2 indexes work only with v2 (not v1).  Likewise for v1 indexes. ***
Options:
    -f                      reference files are Fasta (default)
    -c                      reference sequences given on cmd line (as
                            <reference_in>)
    --large-index           force generated index to be 'large', even if ref
                            has fewer than 4 billion nucleotides
    -a/--noauto             disable automatic -p/--bmax/--dcv memory-fitting
    -p/--packed             use packed strings internally; slower, less memory
    --bmax <int>            max bucket sz for blockwise suffix-array builder
    --bmaxdivn <int>        max bucket sz as divisor of ref len (default: 4)
    --dcv <int>             diff-cover period for blockwise (default: 1024)
    --nodc                  disable diff-cover (algorithm becomes quadratic)
    -r/--noref              don't build .3/.4 index files
    -3/--justref            just build .3/.4 index files
    -o/--offrate <int>      SA is sampled every 2^<int> BWT chars (default: 5)
    -t/--ftabchars <int>    # of chars consumed in initial lookup (default: 10)
    --threads <int>         # of threads
    --seed <int>            seed for random number generator
    -q/--quiet              verbose output (for debugging)
    -h/--help               print detailed description of tool and its options
    --usage                 print this usage message
    --version               print version information and quit
Error: Encountered internal Bowtie 2 exception (#1)
Command: bowtie2-build --wrapper basic-0 -q --output=/scratch/groups/mschatz1/cpowgs/KLPN_107/batch_logs/pilon.out/pilon/btidx/pilon.out.fasta --output=/scratch/groups/mschatz1/cpowgs/KLPN_107/batch_logs/pilon.out/pilon/btidx/pilon.out 
(ERR): "--output=/scratch/groups/mschatz1/cpowgs/KLPN_107/batch_logs/pilon.out/pilon/btidx/pilon.out" does not exist or is not a Bowtie 2 index
Exiting now ...
[E::hts_open_format] Failed to open file --output=/scratch/groups/mschatz1/cpowgs/KLPN_107/batch_logs/pilon.out/pilon/btbam/pilon.out.sorted.bam
samtools sort: failed to create "--output=/scratch/groups/mschatz1/cpowgs/KLPN_107/batch_logs/pilon.out/pilon/btbam/pilon.out.sorted.bam": No such file or directory
index: invalid option -- '-'
Usage: samtools index [-bc] [-m INT] <in.bam> [out.index]
Options:
  -b       Generate BAI-format index for BAM files [default]
  -c       Generate CSI-format index for BAM files
  -m INT   Set minimum interval size for CSI indices to 2^INT [14]
  -@ INT   Sets the number of threads [none]
correcting for round 7
Pilon version 1.22 Wed Mar 15 16:38:30 2017 -0400
Exception in thread "main" java.lang.reflect.InvocationTargetException
	at sun.reflect.NativeMethodAccessorImpl.invoke0(Native Method)
	at sun.reflect.NativeMethodAccessorImpl.invoke(NativeMethodAccessorImpl.java:62)
	at sun.reflect.DelegatingMethodAccessorImpl.invoke(DelegatingMethodAccessorImpl.java:43)
	at java.lang.reflect.Method.invoke(Method.java:497)
	at com.simontuffs.onejar.Boot.run(Boot.java:340)
	at com.simontuffs.onejar.Boot.main(Boot.java:166)
Caused by: htsjdk.samtools.util.RuntimeIOException: java.io.FileNotFoundException: --output=/scratch/groups/mschatz1/cpowgs/KLPN_107/batch_logs/pilon.out/pilon/btbam/pilon.out.sorted.bam (No such file or directory)
	at htsjdk.samtools.FileInputResource$1.make(SamInputResource.java:168)
	at htsjdk.samtools.FileInputResource$1.make(SamInputResource.java:162)
	at htsjdk.samtools.util.Lazy.get(Lazy.java:24)
	at htsjdk.samtools.FileInputResource.asUnbufferedSeekableStream(SamInputResource.java:191)
	at htsjdk.samtools.FileInputResource.asUnbufferedInputStream(SamInputResource.java:196)
	at htsjdk.samtools.SamReaderFactory$SamReaderFactoryImpl.open(SamReaderFactory.java:236)
	at htsjdk.samtools.SamReaderFactory$SamReaderFactoryImpl.open(SamReaderFactory.java:130)
	at org.broadinstitute.pilon.BamFile.reader(BamFile.scala:40)
	at org.broadinstitute.pilon.BamFile.<init>(BamFile.scala:46)
	at org.broadinstitute.pilon.Pilon$.optionParse(Pilon.scala:156)
	at org.broadinstitute.pilon.Pilon$.main(Pilon.scala:72)
	at org.broadinstitute.pilon.Pilon.main(Pilon.scala)
	... 6 more
Caused by: java.io.FileNotFoundException: --output=/scratch/groups/mschatz1/cpowgs/KLPN_107/batch_logs/pilon.out/pilon/btbam/pilon.out.sorted.bam (No such file or directory)
	at java.io.RandomAccessFile.open0(Native Method)
	at java.io.RandomAccessFile.open(RandomAccessFile.java:316)
	at java.io.RandomAccessFile.<init>(RandomAccessFile.java:243)
	at htsjdk.samtools.seekablestream.SeekableFileStream.<init>(SeekableFileStream.java:47)
	at htsjdk.samtools.FileInputResource$1.make(SamInputResource.java:166)
	... 17 more
clearing old
rm: unrecognized option '--output=/scratch/groups/mschatz1/cpowgs/KLPN_107/batch_logs/pilon.out/pilon/btidx/*'
Try `rm --help' for more information.
rm: unrecognized option '--output=/scratch/groups/mschatz1/cpowgs/KLPN_107/batch_logs/pilon.out/pilon/btbam/*'
Try `rm --help' for more information.
copying 7 to empty index folder
cp: unrecognized option '--output=/scratch/groups/mschatz1/cpowgs/KLPN_107/batch_logs/pilon.out/pilon/pilon.out.pilon.7.fasta'
Try `cp --help' for more information.
building btidx and aligning for round 8
bowtie2-build: unrecognized option '--output=/scratch/groups/mschatz1/cpowgs/KLPN_107/batch_logs/pilon.out/pilon/btidx/pilon.out.fasta'
Bowtie 2 version 2.3.3.1 by Ben Langmead (langmea@cs.jhu.edu, www.cs.jhu.edu/~langmea)
Usage: bowtie2-build [options]* <reference_in> <bt2_index_base>
    reference_in            comma-separated list of files with ref sequences
    bt2_index_base          write bt2 data to files with this dir/basename
*** Bowtie 2 indexes work only with v2 (not v1).  Likewise for v1 indexes. ***
Options:
    -f                      reference files are Fasta (default)
    -c                      reference sequences given on cmd line (as
                            <reference_in>)
    --large-index           force generated index to be 'large', even if ref
                            has fewer than 4 billion nucleotides
    -a/--noauto             disable automatic -p/--bmax/--dcv memory-fitting
    -p/--packed             use packed strings internally; slower, less memory
    --bmax <int>            max bucket sz for blockwise suffix-array builder
    --bmaxdivn <int>        max bucket sz as divisor of ref len (default: 4)
    --dcv <int>             diff-cover period for blockwise (default: 1024)
    --nodc                  disable diff-cover (algorithm becomes quadratic)
    -r/--noref              don't build .3/.4 index files
    -3/--justref            just build .3/.4 index files
    -o/--offrate <int>      SA is sampled every 2^<int> BWT chars (default: 5)
    -t/--ftabchars <int>    # of chars consumed in initial lookup (default: 10)
    --threads <int>         # of threads
    --seed <int>            seed for random number generator
    -q/--quiet              verbose output (for debugging)
    -h/--help               print detailed description of tool and its options
    --usage                 print this usage message
    --version               print version information and quit
Error: Encountered internal Bowtie 2 exception (#1)
Command: bowtie2-build --wrapper basic-0 -q --output=/scratch/groups/mschatz1/cpowgs/KLPN_107/batch_logs/pilon.out/pilon/btidx/pilon.out.fasta --output=/scratch/groups/mschatz1/cpowgs/KLPN_107/batch_logs/pilon.out/pilon/btidx/pilon.out 
(ERR): "--output=/scratch/groups/mschatz1/cpowgs/KLPN_107/batch_logs/pilon.out/pilon/btidx/pilon.out" does not exist or is not a Bowtie 2 index
Exiting now ...
[E::hts_open_format] Failed to open file --output=/scratch/groups/mschatz1/cpowgs/KLPN_107/batch_logs/pilon.out/pilon/btbam/pilon.out.sorted.bam
samtools sort: failed to create "--output=/scratch/groups/mschatz1/cpowgs/KLPN_107/batch_logs/pilon.out/pilon/btbam/pilon.out.sorted.bam": No such file or directory
index: invalid option -- '-'
Usage: samtools index [-bc] [-m INT] <in.bam> [out.index]
Options:
  -b       Generate BAI-format index for BAM files [default]
  -c       Generate CSI-format index for BAM files
  -m INT   Set minimum interval size for CSI indices to 2^INT [14]
  -@ INT   Sets the number of threads [none]
correcting for round 8
Pilon version 1.22 Wed Mar 15 16:38:30 2017 -0400
Exception in thread "main" java.lang.reflect.InvocationTargetException
	at sun.reflect.NativeMethodAccessorImpl.invoke0(Native Method)
	at sun.reflect.NativeMethodAccessorImpl.invoke(NativeMethodAccessorImpl.java:62)
	at sun.reflect.DelegatingMethodAccessorImpl.invoke(DelegatingMethodAccessorImpl.java:43)
	at java.lang.reflect.Method.invoke(Method.java:497)
	at com.simontuffs.onejar.Boot.run(Boot.java:340)
	at com.simontuffs.onejar.Boot.main(Boot.java:166)
Caused by: htsjdk.samtools.util.RuntimeIOException: java.io.FileNotFoundException: --output=/scratch/groups/mschatz1/cpowgs/KLPN_107/batch_logs/pilon.out/pilon/btbam/pilon.out.sorted.bam (No such file or directory)
	at htsjdk.samtools.FileInputResource$1.make(SamInputResource.java:168)
	at htsjdk.samtools.FileInputResource$1.make(SamInputResource.java:162)
	at htsjdk.samtools.util.Lazy.get(Lazy.java:24)
	at htsjdk.samtools.FileInputResource.asUnbufferedSeekableStream(SamInputResource.java:191)
	at htsjdk.samtools.FileInputResource.asUnbufferedInputStream(SamInputResource.java:196)
	at htsjdk.samtools.SamReaderFactory$SamReaderFactoryImpl.open(SamReaderFactory.java:236)
	at htsjdk.samtools.SamReaderFactory$SamReaderFactoryImpl.open(SamReaderFactory.java:130)
	at org.broadinstitute.pilon.BamFile.reader(BamFile.scala:40)
	at org.broadinstitute.pilon.BamFile.<init>(BamFile.scala:46)
	at org.broadinstitute.pilon.Pilon$.optionParse(Pilon.scala:156)
	at org.broadinstitute.pilon.Pilon$.main(Pilon.scala:72)
	at org.broadinstitute.pilon.Pilon.main(Pilon.scala)
	... 6 more
Caused by: java.io.FileNotFoundException: --output=/scratch/groups/mschatz1/cpowgs/KLPN_107/batch_logs/pilon.out/pilon/btbam/pilon.out.sorted.bam (No such file or directory)
	at java.io.RandomAccessFile.open0(Native Method)
	at java.io.RandomAccessFile.open(RandomAccessFile.java:316)
	at java.io.RandomAccessFile.<init>(RandomAccessFile.java:243)
	at htsjdk.samtools.seekablestream.SeekableFileStream.<init>(SeekableFileStream.java:47)
	at htsjdk.samtools.FileInputResource$1.make(SamInputResource.java:166)
	... 17 more
clearing old
rm: unrecognized option '--output=/scratch/groups/mschatz1/cpowgs/KLPN_107/batch_logs/pilon.out/pilon/btidx/*'
Try `rm --help' for more information.
rm: unrecognized option '--output=/scratch/groups/mschatz1/cpowgs/KLPN_107/batch_logs/pilon.out/pilon/btbam/*'
Try `rm --help' for more information.
copying 8 to empty index folder
cp: unrecognized option '--output=/scratch/groups/mschatz1/cpowgs/KLPN_107/batch_logs/pilon.out/pilon/pilon.out.pilon.8.fasta'
Try `cp --help' for more information.
building btidx and aligning for round 9
bowtie2-build: unrecognized option '--output=/scratch/groups/mschatz1/cpowgs/KLPN_107/batch_logs/pilon.out/pilon/btidx/pilon.out.fasta'
Bowtie 2 version 2.3.3.1 by Ben Langmead (langmea@cs.jhu.edu, www.cs.jhu.edu/~langmea)
Usage: bowtie2-build [options]* <reference_in> <bt2_index_base>
    reference_in            comma-separated list of files with ref sequences
    bt2_index_base          write bt2 data to files with this dir/basename
*** Bowtie 2 indexes work only with v2 (not v1).  Likewise for v1 indexes. ***
Options:
    -f                      reference files are Fasta (default)
    -c                      reference sequences given on cmd line (as
                            <reference_in>)
    --large-index           force generated index to be 'large', even if ref
                            has fewer than 4 billion nucleotides
    -a/--noauto             disable automatic -p/--bmax/--dcv memory-fitting
    -p/--packed             use packed strings internally; slower, less memory
    --bmax <int>            max bucket sz for blockwise suffix-array builder
    --bmaxdivn <int>        max bucket sz as divisor of ref len (default: 4)
    --dcv <int>             diff-cover period for blockwise (default: 1024)
    --nodc                  disable diff-cover (algorithm becomes quadratic)
    -r/--noref              don't build .3/.4 index files
    -3/--justref            just build .3/.4 index files
    -o/--offrate <int>      SA is sampled every 2^<int> BWT chars (default: 5)
    -t/--ftabchars <int>    # of chars consumed in initial lookup (default: 10)
    --threads <int>         # of threads
    --seed <int>            seed for random number generator
    -q/--quiet              verbose output (for debugging)
    -h/--help               print detailed description of tool and its options
    --usage                 print this usage message
    --version               print version information and quit
Error: Encountered internal Bowtie 2 exception (#1)
Command: bowtie2-build --wrapper basic-0 -q --output=/scratch/groups/mschatz1/cpowgs/KLPN_107/batch_logs/pilon.out/pilon/btidx/pilon.out.fasta --output=/scratch/groups/mschatz1/cpowgs/KLPN_107/batch_logs/pilon.out/pilon/btidx/pilon.out 
(ERR): "--output=/scratch/groups/mschatz1/cpowgs/KLPN_107/batch_logs/pilon.out/pilon/btidx/pilon.out" does not exist or is not a Bowtie 2 index
Exiting now ...
[E::hts_open_format] Failed to open file --output=/scratch/groups/mschatz1/cpowgs/KLPN_107/batch_logs/pilon.out/pilon/btbam/pilon.out.sorted.bam
samtools sort: failed to create "--output=/scratch/groups/mschatz1/cpowgs/KLPN_107/batch_logs/pilon.out/pilon/btbam/pilon.out.sorted.bam": No such file or directory
index: invalid option -- '-'
Usage: samtools index [-bc] [-m INT] <in.bam> [out.index]
Options:
  -b       Generate BAI-format index for BAM files [default]
  -c       Generate CSI-format index for BAM files
  -m INT   Set minimum interval size for CSI indices to 2^INT [14]
  -@ INT   Sets the number of threads [none]
correcting for round 9
Pilon version 1.22 Wed Mar 15 16:38:30 2017 -0400
Exception in thread "main" java.lang.reflect.InvocationTargetException
	at sun.reflect.NativeMethodAccessorImpl.invoke0(Native Method)
	at sun.reflect.NativeMethodAccessorImpl.invoke(NativeMethodAccessorImpl.java:62)
	at sun.reflect.DelegatingMethodAccessorImpl.invoke(DelegatingMethodAccessorImpl.java:43)
	at java.lang.reflect.Method.invoke(Method.java:497)
	at com.simontuffs.onejar.Boot.run(Boot.java:340)
	at com.simontuffs.onejar.Boot.main(Boot.java:166)
Caused by: htsjdk.samtools.util.RuntimeIOException: java.io.FileNotFoundException: --output=/scratch/groups/mschatz1/cpowgs/KLPN_107/batch_logs/pilon.out/pilon/btbam/pilon.out.sorted.bam (No such file or directory)
	at htsjdk.samtools.FileInputResource$1.make(SamInputResource.java:168)
	at htsjdk.samtools.FileInputResource$1.make(SamInputResource.java:162)
	at htsjdk.samtools.util.Lazy.get(Lazy.java:24)
	at htsjdk.samtools.FileInputResource.asUnbufferedSeekableStream(SamInputResource.java:191)
	at htsjdk.samtools.FileInputResource.asUnbufferedInputStream(SamInputResource.java:196)
	at htsjdk.samtools.SamReaderFactory$SamReaderFactoryImpl.open(SamReaderFactory.java:236)
	at htsjdk.samtools.SamReaderFactory$SamReaderFactoryImpl.open(SamReaderFactory.java:130)
	at org.broadinstitute.pilon.BamFile.reader(BamFile.scala:40)
	at org.broadinstitute.pilon.BamFile.<init>(BamFile.scala:46)
	at org.broadinstitute.pilon.Pilon$.optionParse(Pilon.scala:156)
	at org.broadinstitute.pilon.Pilon$.main(Pilon.scala:72)
	at org.broadinstitute.pilon.Pilon.main(Pilon.scala)
	... 6 more
Caused by: java.io.FileNotFoundException: --output=/scratch/groups/mschatz1/cpowgs/KLPN_107/batch_logs/pilon.out/pilon/btbam/pilon.out.sorted.bam (No such file or directory)
	at java.io.RandomAccessFile.open0(Native Method)
	at java.io.RandomAccessFile.open(RandomAccessFile.java:316)
	at java.io.RandomAccessFile.<init>(RandomAccessFile.java:243)
	at htsjdk.samtools.seekablestream.SeekableFileStream.<init>(SeekableFileStream.java:47)
	at htsjdk.samtools.FileInputResource$1.make(SamInputResource.java:166)
	... 17 more
clearing old
rm: unrecognized option '--output=/scratch/groups/mschatz1/cpowgs/KLPN_107/batch_logs/pilon.out/pilon/btidx/*'
Try `rm --help' for more information.
rm: unrecognized option '--output=/scratch/groups/mschatz1/cpowgs/KLPN_107/batch_logs/pilon.out/pilon/btbam/*'
Try `rm --help' for more information.
copying 9 to empty index folder
cp: unrecognized option '--output=/scratch/groups/mschatz1/cpowgs/KLPN_107/batch_logs/pilon.out/pilon/pilon.out.pilon.9.fasta'
Try `cp --help' for more information.
building btidx and aligning for round 10
bowtie2-build: unrecognized option '--output=/scratch/groups/mschatz1/cpowgs/KLPN_107/batch_logs/pilon.out/pilon/btidx/pilon.out.fasta'
Bowtie 2 version 2.3.3.1 by Ben Langmead (langmea@cs.jhu.edu, www.cs.jhu.edu/~langmea)
Usage: bowtie2-build [options]* <reference_in> <bt2_index_base>
    reference_in            comma-separated list of files with ref sequences
    bt2_index_base          write bt2 data to files with this dir/basename
*** Bowtie 2 indexes work only with v2 (not v1).  Likewise for v1 indexes. ***
Options:
    -f                      reference files are Fasta (default)
    -c                      reference sequences given on cmd line (as
                            <reference_in>)
    --large-index           force generated index to be 'large', even if ref
                            has fewer than 4 billion nucleotides
    -a/--noauto             disable automatic -p/--bmax/--dcv memory-fitting
    -p/--packed             use packed strings internally; slower, less memory
    --bmax <int>            max bucket sz for blockwise suffix-array builder
    --bmaxdivn <int>        max bucket sz as divisor of ref len (default: 4)
    --dcv <int>             diff-cover period for blockwise (default: 1024)
    --nodc                  disable diff-cover (algorithm becomes quadratic)
    -r/--noref              don't build .3/.4 index files
    -3/--justref            just build .3/.4 index files
    -o/--offrate <int>      SA is sampled every 2^<int> BWT chars (default: 5)
    -t/--ftabchars <int>    # of chars consumed in initial lookup (default: 10)
    --threads <int>         # of threads
    --seed <int>            seed for random number generator
    -q/--quiet              verbose output (for debugging)
    -h/--help               print detailed description of tool and its options
    --usage                 print this usage message
    --version               print version information and quit
Error: Encountered internal Bowtie 2 exception (#1)
Command: bowtie2-build --wrapper basic-0 -q --output=/scratch/groups/mschatz1/cpowgs/KLPN_107/batch_logs/pilon.out/pilon/btidx/pilon.out.fasta --output=/scratch/groups/mschatz1/cpowgs/KLPN_107/batch_logs/pilon.out/pilon/btidx/pilon.out 
(ERR): "--output=/scratch/groups/mschatz1/cpowgs/KLPN_107/batch_logs/pilon.out/pilon/btidx/pilon.out" does not exist or is not a Bowtie 2 index
Exiting now ...
[E::hts_open_format] Failed to open file --output=/scratch/groups/mschatz1/cpowgs/KLPN_107/batch_logs/pilon.out/pilon/btbam/pilon.out.sorted.bam
samtools sort: failed to create "--output=/scratch/groups/mschatz1/cpowgs/KLPN_107/batch_logs/pilon.out/pilon/btbam/pilon.out.sorted.bam": No such file or directory
index: invalid option -- '-'
Usage: samtools index [-bc] [-m INT] <in.bam> [out.index]
Options:
  -b       Generate BAI-format index for BAM files [default]
  -c       Generate CSI-format index for BAM files
  -m INT   Set minimum interval size for CSI indices to 2^INT [14]
  -@ INT   Sets the number of threads [none]
correcting for round 10
Pilon version 1.22 Wed Mar 15 16:38:30 2017 -0400
Exception in thread "main" java.lang.reflect.InvocationTargetException
	at sun.reflect.NativeMethodAccessorImpl.invoke0(Native Method)
	at sun.reflect.NativeMethodAccessorImpl.invoke(NativeMethodAccessorImpl.java:62)
	at sun.reflect.DelegatingMethodAccessorImpl.invoke(DelegatingMethodAccessorImpl.java:43)
	at java.lang.reflect.Method.invoke(Method.java:497)
	at com.simontuffs.onejar.Boot.run(Boot.java:340)
	at com.simontuffs.onejar.Boot.main(Boot.java:166)
Caused by: htsjdk.samtools.util.RuntimeIOException: java.io.FileNotFoundException: --output=/scratch/groups/mschatz1/cpowgs/KLPN_107/batch_logs/pilon.out/pilon/btbam/pilon.out.sorted.bam (No such file or directory)
	at htsjdk.samtools.FileInputResource$1.make(SamInputResource.java:168)
	at htsjdk.samtools.FileInputResource$1.make(SamInputResource.java:162)
	at htsjdk.samtools.util.Lazy.get(Lazy.java:24)
	at htsjdk.samtools.FileInputResource.asUnbufferedSeekableStream(SamInputResource.java:191)
	at htsjdk.samtools.FileInputResource.asUnbufferedInputStream(SamInputResource.java:196)
	at htsjdk.samtools.SamReaderFactory$SamReaderFactoryImpl.open(SamReaderFactory.java:236)
	at htsjdk.samtools.SamReaderFactory$SamReaderFactoryImpl.open(SamReaderFactory.java:130)
	at org.broadinstitute.pilon.BamFile.reader(BamFile.scala:40)
	at org.broadinstitute.pilon.BamFile.<init>(BamFile.scala:46)
	at org.broadinstitute.pilon.Pilon$.optionParse(Pilon.scala:156)
	at org.broadinstitute.pilon.Pilon$.main(Pilon.scala:72)
	at org.broadinstitute.pilon.Pilon.main(Pilon.scala)
	... 6 more
Caused by: java.io.FileNotFoundException: --output=/scratch/groups/mschatz1/cpowgs/KLPN_107/batch_logs/pilon.out/pilon/btbam/pilon.out.sorted.bam (No such file or directory)
	at java.io.RandomAccessFile.open0(Native Method)
	at java.io.RandomAccessFile.open(RandomAccessFile.java:316)
	at java.io.RandomAccessFile.<init>(RandomAccessFile.java:243)
	at htsjdk.samtools.seekablestream.SeekableFileStream.<init>(SeekableFileStream.java:47)
	at htsjdk.samtools.FileInputResource$1.make(SamInputResource.java:166)
	... 17 more
clearing old
rm: unrecognized option '--output=/scratch/groups/mschatz1/cpowgs/KLPN_107/batch_logs/pilon.out/pilon/btidx/*'
Try `rm --help' for more information.
rm: unrecognized option '--output=/scratch/groups/mschatz1/cpowgs/KLPN_107/batch_logs/pilon.out/pilon/btbam/*'
Try `rm --help' for more information.
copying 10 to empty index folder
cp: unrecognized option '--output=/scratch/groups/mschatz1/cpowgs/KLPN_107/batch_logs/pilon.out/pilon/pilon.out.pilon.10.fasta'
Try `cp --help' for more information.
